<?xml version="1.0" encoding="UTF-8"?>
<coverage generated="1727504558148" clover="3.2.0">
  <project timestamp="1727504558148" name="All files">
    <metrics statements="233" coveredstatements="216" conditionals="112" coveredconditionals="94" methods="38" coveredmethods="32" elements="383" coveredelements="342" complexity="0" loc="233" ncloc="233" packages="3" files="6" classes="6"/>
    <package name="src">
      <metrics statements="13" coveredstatements="13" conditionals="2" coveredconditionals="2" methods="5" coveredmethods="4"/>
      <file name="factories.ts" path="/Volumes/pr/LLE/src/factories.ts">
        <metrics statements="10" coveredstatements="10" conditionals="2" coveredconditionals="2" methods="3" coveredmethods="3"/>
        <line num="3" count="14" type="stmt"/>
        <line num="5" count="14" type="stmt"/>
        <line num="9" count="14" type="stmt"/>
        <line num="16" count="14" type="stmt"/>
        <line num="17" count="61" type="cond" truecount="2" falsecount="0"/>
        <line num="18" count="2" type="stmt"/>
        <line num="20" count="59" type="stmt"/>
        <line num="22" count="14" type="stmt"/>
        <line num="24" count="14" type="stmt"/>
        <line num="28" count="14" type="stmt"/>
      </file>
      <file name="lle.ts" path="/Volumes/pr/LLE/src/lle.ts">
        <metrics statements="3" coveredstatements="3" conditionals="0" coveredconditionals="0" methods="2" coveredmethods="1"/>
        <line num="1" count="14" type="stmt"/>
        <line num="2" count="14" type="stmt"/>
        <line num="3" count="71" type="stmt"/>
      </file>
    </package>
    <package name="src.controller">
      <metrics statements="215" coveredstatements="203" conditionals="110" coveredconditionals="92" methods="33" coveredmethods="28"/>
      <file name="connection.ts" path="/Volumes/pr/LLE/src/controller/connection.ts">
        <metrics statements="52" coveredstatements="52" conditionals="28" coveredconditionals="22" methods="11" coveredmethods="11"/>
        <line num="4" count="14" type="stmt"/>
        <line num="13" count="204" type="stmt"/>
        <line num="14" count="204" type="stmt"/>
        <line num="15" count="204" type="cond" truecount="2" falsecount="0"/>
        <line num="16" count="16" type="cond" truecount="2" falsecount="0"/>
        <line num="17" count="11" type="stmt"/>
        <line num="18" count="11" type="stmt"/>
        <line num="21" count="5" type="stmt"/>
        <line num="22" count="5" type="stmt"/>
        <line num="27" count="14" type="stmt"/>
        <line num="28" count="29" type="cond" truecount="2" falsecount="0"/>
        <line num="29" count="1" type="stmt"/>
        <line num="31" count="28" type="stmt"/>
        <line num="33" count="29" type="stmt"/>
        <line num="36" count="14" type="stmt"/>
        <line num="37" count="3" type="cond" truecount="1" falsecount="1"/>
        <line num="38" count="3" type="stmt"/>
        <line num="39" count="3" type="cond" truecount="3" falsecount="1"/>
        <line num="40" count="3" type="stmt"/>
        <line num="41" count="3" type="stmt"/>
        <line num="44" count="3" type="cond" truecount="2" falsecount="0"/>
        <line num="46" count="3" type="stmt"/>
        <line num="49" count="14" type="stmt"/>
        <line num="50" count="2" type="cond" truecount="2" falsecount="0"/>
        <line num="51" count="1" type="stmt"/>
        <line num="53" count="1" type="stmt"/>
        <line num="55" count="2" type="stmt"/>
        <line num="58" count="14" type="stmt"/>
        <line num="59" count="1" type="cond" truecount="1" falsecount="1"/>
        <line num="60" count="1" type="stmt"/>
        <line num="61" count="2" type="stmt"/>
        <line num="64" count="1" type="stmt"/>
        <line num="67" count="14" type="stmt"/>
        <line num="68" count="2" type="cond" truecount="2" falsecount="0"/>
        <line num="71" count="14" type="stmt"/>
        <line num="72" count="2" type="cond" truecount="1" falsecount="1"/>
        <line num="75" count="14" type="stmt"/>
        <line num="76" count="125" type="stmt"/>
        <line num="79" count="14" type="stmt"/>
        <line num="80" count="2" type="stmt"/>
        <line num="81" count="2" type="cond" truecount="1" falsecount="1"/>
        <line num="82" count="2" type="stmt"/>
        <line num="83" count="2" type="stmt"/>
        <line num="86" count="2" type="stmt"/>
        <line num="89" count="14" type="stmt"/>
        <line num="90" count="7" type="cond" truecount="1" falsecount="1"/>
        <line num="91" count="7" type="stmt"/>
        <line num="92" count="7" type="cond" truecount="2" falsecount="0"/>
        <line num="93" count="6" type="stmt"/>
        <line num="96" count="1" type="stmt"/>
        <line num="98" count="14" type="stmt"/>
        <line num="100" count="14" type="stmt"/>
      </file>
      <file name="element.ts" path="/Volumes/pr/LLE/src/controller/element.ts">
        <metrics statements="163" coveredstatements="151" conditionals="82" coveredconditionals="70" methods="22" coveredmethods="17"/>
        <line num="3" count="14" type="stmt"/>
        <line num="5" count="14" type="stmt"/>
        <line num="14" count="75" type="stmt"/>
        <line num="15" count="75" type="stmt"/>
        <line num="16" count="75" type="stmt"/>
        <line num="17" count="75" type="cond" truecount="4" falsecount="0"/>
        <line num="18" count="3" type="stmt"/>
        <line num="20" count="75" type="cond" truecount="5" falsecount="0"/>
        <line num="21" count="9" type="stmt"/>
        <line num="27" count="14" type="stmt"/>
        <line num="28" count="9" type="stmt"/>
        <line num="29" count="58" type="stmt"/>
        <line num="33" count="9" type="stmt"/>
        <line num="35" count="9" type="stmt"/>
        <line num="38" count="14" type="stmt"/>
        <line num="39" count="3" type="stmt"/>
        <line num="40" count="3" type="stmt"/>
        <line num="41" count="3" type="cond" truecount="2" falsecount="0"/>
        <line num="42" count="1" type="stmt"/>
        <line num="43" count="8" type="stmt"/>
        <line num="45" count="1" type="stmt"/>
        <line num="46" count="4" type="stmt"/>
        <line num="48" count="1" type="stmt"/>
        <line num="49" count="1" type="stmt"/>
        <line num="51" count="1" type="stmt"/>
        <line num="52" count="3" type="stmt"/>
        <line num="55" count="2" type="stmt"/>
        <line num="56" count="6" type="stmt"/>
        <line num="59" count="2" type="stmt"/>
        <line num="60" count="16" type="stmt"/>
        <line num="62" count="2" type="stmt"/>
        <line num="63" count="5" type="stmt"/>
        <line num="65" count="2" type="stmt"/>
        <line num="66" count="11" type="stmt"/>
        <line num="74" count="3" type="stmt"/>
        <line num="75" count="24" type="stmt"/>
        <line num="79" count="3" type="stmt"/>
        <line num="82" count="14" type="stmt"/>
        <line num="83" count="2" type="cond" truecount="2" falsecount="0"/>
        <line num="84" count="1" type="stmt"/>
        <line num="85" count="1" type="stmt"/>
        <line num="86" count="4" type="stmt"/>
        <line num="89" count="1" type="stmt"/>
        <line num="90" count="3" type="stmt"/>
        <line num="93" count="2" type="stmt"/>
        <line num="98" count="14" type="stmt"/>
        <line num="99" count="31" type="cond" truecount="2" falsecount="0"/>
        <line num="100" count="27" type="stmt"/>
        <line num="101" count="27" type="stmt"/>
        <line num="102" count="77" type="cond" truecount="2" falsecount="0"/>
        <line num="103" count="27" type="stmt"/>
        <line num="104" count="27" type="stmt"/>
        <line num="107" count="27" type="stmt"/>
        <line num="109" count="4" type="stmt"/>
        <line num="110" count="7" type="cond" truecount="2" falsecount="0"/>
        <line num="111" count="5" type="cond" truecount="2" falsecount="0"/>
        <line num="112" count="2" type="stmt"/>
        <line num="114" count="2" type="cond" truecount="2" falsecount="0"/>
        <line num="115" count="1" type="stmt"/>
        <line num="118" count="1" type="stmt"/>
        <line num="121" count="14" type="stmt"/>
        <line num="122" count="9" type="stmt"/>
        <line num="123" count="22" type="cond" truecount="2" falsecount="0"/>
        <line num="124" count="20" type="cond" truecount="2" falsecount="0"/>
        <line num="125" count="7" type="stmt"/>
        <line num="127" count="2" type="cond" truecount="2" falsecount="0"/>
        <line num="128" count="1" type="stmt"/>
        <line num="131" count="1" type="stmt"/>
        <line num="134" count="14" type="stmt"/>
        <line num="135" count="8" type="stmt"/>
        <line num="136" count="21" type="cond" truecount="2" falsecount="0"/>
        <line num="137" count="7" type="stmt"/>
        <line num="140" count="1" type="stmt"/>
        <line num="143" count="14" type="stmt"/>
        <line num="144" count="7" type="stmt"/>
        <line num="147" count="7" type="stmt"/>
        <line num="148" count="13" type="cond" truecount="2" falsecount="0"/>
        <line num="153" count="1" type="stmt"/>
        <line num="155" count="12" type="cond" truecount="2" falsecount="0"/>
        <line num="161" count="4" type="stmt"/>
        <line num="164" count="8" type="stmt"/>
        <line num="165" count="8" type="stmt"/>
        <line num="166" count="36" type="cond" truecount="2" falsecount="0"/>
        <line num="167" count="8" type="stmt"/>
        <line num="168" count="8" type="stmt"/>
        <line num="173" count="7" type="stmt"/>
        <line num="176" count="14" type="stmt"/>
        <line num="177" count="31" type="cond" truecount="2" falsecount="0"/>
        <line num="178" count="4" type="stmt"/>
        <line num="180" count="31" type="stmt"/>
        <line num="181" count="31" type="stmt"/>
        <line num="182" count="93" type="cond" truecount="2" falsecount="0"/>
        <line num="183" count="13" type="stmt"/>
        <line num="187" count="13" type="stmt"/>
        <line num="191" count="13" type="stmt"/>
        <line num="194" count="31" type="cond" truecount="2" falsecount="0"/>
        <line num="195" count="20" type="cond" truecount="1" falsecount="1"/>
        <line num="196" count="20" type="stmt"/>
        <line num="200" count="14" type="stmt"/>
        <line num="201" count="7" type="cond" truecount="2" falsecount="0"/>
        <line num="207" count="3" type="cond" truecount="2" falsecount="0"/>
        <line num="208" count="1" type="stmt"/>
        <line num="211" count="1" type="stmt"/>
        <line num="213" count="2" type="stmt"/>
        <line num="217" count="3" type="stmt"/>
        <line num="219" count="4" type="stmt"/>
        <line num="221" count="4" type="cond" truecount="2" falsecount="0"/>
        <line num="222" count="2" type="stmt"/>
        <line num="223" count="3" type="stmt"/>
        <line num="226" count="4" type="stmt"/>
        <line num="227" count="4" type="stmt"/>
        <line num="230" count="14" type="stmt"/>
        <line num="231" count="20" type="stmt"/>
        <line num="232" count="20" type="stmt"/>
        <line num="233" count="80" type="stmt"/>
        <line num="234" count="80" type="stmt"/>
        <line num="237" count="80" type="cond" truecount="2" falsecount="0"/>
        <line num="238" count="56" type="stmt"/>
        <line num="240" count="24" type="stmt"/>
        <line num="243" count="20" type="stmt"/>
        <line num="246" count="14" type="stmt"/>
        <line num="247" count="18" type="stmt"/>
        <line num="248" count="18" type="stmt"/>
        <line num="249" count="100" type="stmt"/>
        <line num="251" count="18" type="stmt"/>
        <line num="252" count="82" type="cond" truecount="2" falsecount="0"/>
        <line num="253" count="81" type="stmt"/>
        <line num="255" count="1" type="stmt"/>
        <line num="260" count="18" type="stmt"/>
        <line num="261" count="18" type="stmt"/>
        <line num="264" count="14" type="stmt"/>
        <line num="265" count="4" type="stmt"/>
        <line num="266" count="10" type="cond" truecount="2" falsecount="0"/>
        <line num="267" count="2" type="stmt"/>
        <line num="270" count="2" type="stmt"/>
        <line num="273" count="14" type="stmt"/>
        <line num="274" count="3" type="stmt"/>
        <line num="275" count="1" type="stmt"/>
        <line num="276" count="1" type="cond" truecount="1" falsecount="1"/>
        <line num="277" count="1" type="stmt"/>
        <line num="281" count="2" type="stmt"/>
        <line num="284" count="14" type="stmt"/>
        <line num="285" count="2" type="cond" truecount="2" falsecount="0"/>
        <line num="287" count="14" type="stmt"/>
        <line num="289" count="14" type="stmt"/>
        <line num="293" count="0" type="stmt"/>
        <line num="294" count="0" type="cond" truecount="0" falsecount="2"/>
        <line num="297" count="14" type="stmt"/>
        <line num="298" count="0" type="cond" truecount="0" falsecount="2"/>
        <line num="299" count="0" type="cond" truecount="0" falsecount="2"/>
        <line num="300" count="0" type="stmt"/>
        <line num="303" count="0" type="stmt"/>
        <line num="306" count="14" type="stmt"/>
        <line num="307" count="0" type="stmt"/>
        <line num="308" count="0" type="stmt"/>
        <line num="309" count="0" type="stmt"/>
        <line num="312" count="14" type="stmt"/>
        <line num="313" count="0" type="cond" truecount="0" falsecount="2"/>
        <line num="314" count="0" type="stmt"/>
        <line num="317" count="14" type="stmt"/>
        <line num="318" count="0" type="cond" truecount="0" falsecount="2"/>
        <line num="320" count="14" type="stmt"/>
        <line num="323" count="14" type="stmt"/>
      </file>
    </package>
    <package name="src.stde">
      <metrics statements="5" coveredstatements="0" conditionals="0" coveredconditionals="0" methods="0" coveredmethods="0"/>
      <file name="CD.ts" path="/Volumes/pr/LLE/src/stde/CD.ts">
        <metrics statements="3" coveredstatements="0" conditionals="0" coveredconditionals="0" methods="0" coveredmethods="0"/>
        <line num="1" count="0" type="stmt"/>
        <line num="2" count="0" type="stmt"/>
        <line num="3" count="0" type="stmt"/>
      </file>
      <file name="stde.ts" path="/Volumes/pr/LLE/src/stde/stde.ts">
        <metrics statements="2" coveredstatements="0" conditionals="0" coveredconditionals="0" methods="0" coveredmethods="0"/>
        <line num="1" count="0" type="stmt"/>
        <line num="4" count="0" type="stmt"/>
      </file>
    </package>
  </project>
</coverage>
