{"/Volumes/pr/LLE/src/factories.ts": {"path":"/Volumes/pr/LLE/src/factories.ts","statementMap":{"0":{"start":{"line":3,"column":0},"end":{"line":3,"column":49}},"1":{"start":{"line":5,"column":0},"end":{"line":5,"column":null}},"2":{"start":{"line":9,"column":8},"end":{"line":9,"column":47}},"3":{"start":{"line":16,"column":4},"end":{"line":21,"column":null}},"4":{"start":{"line":17,"column":8},"end":{"line":19,"column":null}},"5":{"start":{"line":18,"column":12},"end":{"line":18,"column":61}},"6":{"start":{"line":20,"column":8},"end":{"line":20,"column":51}},"7":{"start":{"line":22,"column":0},"end":{"line":22,"column":null}},"8":{"start":{"line":24,"column":18},"end":{"line":26,"column":2}},"9":{"start":{"line":28,"column":0},"end":{"line":28,"column":null}}},"fnMap":{"0":{"name":"(anonymous_1)","decl":{"start":{"line":5,"column":0},"end":{"line":5,"column":null}},"loc":{"start":{"line":5,"column":0},"end":{"line":22,"column":null}}},"1":{"name":"ConnectionFactory","decl":{"start":{"line":8,"column":4},"end":{"line":8,"column":16}},"loc":{"start":{"line":8,"column":93},"end":{"line":10,"column":5}}},"2":{"name":"(anonymous_3)","decl":{"start":{"line":16,"column":4},"end":{"line":16,"column":10}},"loc":{"start":{"line":16,"column":47},"end":{"line":21,"column":5}}}},"branchMap":{"0":{"loc":{"start":{"line":17,"column":8},"end":{"line":19,"column":null}},"type":"if","locations":[{"start":{"line":17,"column":8},"end":{"line":19,"column":null}},{"start":{"line":17,"column":8},"end":{"line":19,"column":null}}]}},"s":{"0":14,"1":14,"2":14,"3":14,"4":61,"5":2,"6":59,"7":14,"8":14,"9":14},"f":{"0":14,"1":14,"2":61},"b":{"0":[2,59]}}
,"/Volumes/pr/LLE/src/lle.ts": {"path":"/Volumes/pr/LLE/src/lle.ts","statementMap":{"0":{"start":{"line":1,"column":0},"end":{"line":1,"column":7}},"1":{"start":{"line":3,"column":9},"end":{"line":1,"column":49}},"2":{"start":{"line":2,"column":0},"end":{"line":2,"column":8}},"3":{"start":{"line":3,"column":21},"end":{"line":2,"column":17}},"4":{"start":{"line":3,"column":30},"end":{"line":2,"column":56}}},"fnMap":{"0":{"name":"(anonymous_1)","decl":{"start":{"line":3,"column":21},"end":{"line":3,"column":28}},"loc":{"start":{"line":3,"column":21},"end":{"line":2,"column":17}}},"1":{"name":"(anonymous_2)","decl":{"start":{"line":3,"column":30},"end":{"line":3,"column":39}},"loc":{"start":{"line":3,"column":30},"end":{"line":2,"column":56}}}},"branchMap":{},"s":{"0":14,"1":14,"2":14,"3":71,"4":14},"f":{"0":57,"1":0},"b":{}}
,"/Volumes/pr/LLE/src/controller/connection.ts": {"path":"/Volumes/pr/LLE/src/controller/connection.ts","statementMap":{"0":{"start":{"line":4,"column":0},"end":{"line":4,"column":null}},"1":{"start":{"line":13,"column":8},"end":{"line":13,"column":24}},"2":{"start":{"line":14,"column":8},"end":{"line":14,"column":29}},"3":{"start":{"line":15,"column":8},"end":{"line":24,"column":null}},"4":{"start":{"line":16,"column":12},"end":{"line":23,"column":null}},"5":{"start":{"line":17,"column":16},"end":{"line":17,"column":37}},"6":{"start":{"line":18,"column":16},"end":{"line":18,"column":31}},"7":{"start":{"line":21,"column":16},"end":{"line":21,"column":37}},"8":{"start":{"line":22,"column":16},"end":{"line":22,"column":33}},"9":{"start":{"line":27,"column":4},"end":{"line":34,"column":null}},"10":{"start":{"line":28,"column":8},"end":{"line":32,"column":null}},"11":{"start":{"line":29,"column":12},"end":{"line":29,"column":35}},"12":{"start":{"line":31,"column":12},"end":{"line":31,"column":33}},"13":{"start":{"line":33,"column":8},"end":{"line":33,"column":20}},"14":{"start":{"line":36,"column":4},"end":{"line":47,"column":null}},"15":{"start":{"line":37,"column":8},"end":{"line":45,"column":null}},"16":{"start":{"line":38,"column":12},"end":{"line":43,"column":null}},"17":{"start":{"line":38,"column":25},"end":{"line":38,"column":26}},"18":{"start":{"line":39,"column":16},"end":{"line":42,"column":null}},"19":{"start":{"line":40,"column":20},"end":{"line":40,"column":41}},"20":{"start":{"line":41,"column":20},"end":{"line":41,"column":26}},"21":{"start":{"line":44,"column":12},"end":{"line":44,"column":null}},"22":{"start":{"line":44,"column":38},"end":{"line":44,"column":54}},"23":{"start":{"line":46,"column":8},"end":{"line":46,"column":20}},"24":{"start":{"line":49,"column":4},"end":{"line":56,"column":null}},"25":{"start":{"line":50,"column":8},"end":{"line":54,"column":null}},"26":{"start":{"line":51,"column":12},"end":{"line":51,"column":43}},"27":{"start":{"line":53,"column":12},"end":{"line":53,"column":36}},"28":{"start":{"line":55,"column":8},"end":{"line":55,"column":20}},"29":{"start":{"line":58,"column":4},"end":{"line":65,"column":null}},"30":{"start":{"line":59,"column":8},"end":{"line":63,"column":null}},"31":{"start":{"line":60,"column":12},"end":{"line":62,"column":null}},"32":{"start":{"line":60,"column":25},"end":{"line":60,"column":26}},"33":{"start":{"line":61,"column":16},"end":{"line":61,"column":50}},"34":{"start":{"line":64,"column":8},"end":{"line":64,"column":20}},"35":{"start":{"line":67,"column":4},"end":{"line":69,"column":null}},"36":{"start":{"line":68,"column":8},"end":{"line":68,"column":60}},"37":{"start":{"line":71,"column":4},"end":{"line":73,"column":null}},"38":{"start":{"line":72,"column":8},"end":{"line":72,"column":59}},"39":{"start":{"line":75,"column":4},"end":{"line":77,"column":null}},"40":{"start":{"line":76,"column":8},"end":{"line":76,"column":69}},"41":{"start":{"line":79,"column":4},"end":{"line":87,"column":null}},"42":{"start":{"line":80,"column":28},"end":{"line":80,"column":30}},"43":{"start":{"line":81,"column":8},"end":{"line":85,"column":null}},"44":{"start":{"line":82,"column":12},"end":{"line":84,"column":null}},"45":{"start":{"line":82,"column":25},"end":{"line":82,"column":26}},"46":{"start":{"line":83,"column":16},"end":{"line":83,"column":42}},"47":{"start":{"line":86,"column":8},"end":{"line":86,"column":null}},"48":{"start":{"line":89,"column":4},"end":{"line":97,"column":null}},"49":{"start":{"line":90,"column":8},"end":{"line":95,"column":null}},"50":{"start":{"line":91,"column":12},"end":{"line":94,"column":null}},"51":{"start":{"line":91,"column":25},"end":{"line":91,"column":26}},"52":{"start":{"line":92,"column":16},"end":{"line":93,"column":43}},"53":{"start":{"line":93,"column":20},"end":{"line":93,"column":43}},"54":{"start":{"line":96,"column":8},"end":{"line":96,"column":18}},"55":{"start":{"line":98,"column":0},"end":{"line":98,"column":null}},"56":{"start":{"line":100,"column":0},"end":{"line":100,"column":26}}},"fnMap":{"0":{"name":"(anonymous_0)","decl":{"start":{"line":4,"column":0},"end":{"line":4,"column":null}},"loc":{"start":{"line":4,"column":0},"end":{"line":98,"column":null}}},"1":{"name":"Connection","decl":{"start":{"line":12,"column":4},"end":{"line":12,"column":16}},"loc":{"start":{"line":12,"column":52},"end":{"line":25,"column":5}}},"2":{"name":"(anonymous_2)","decl":{"start":{"line":27,"column":4},"end":{"line":27,"column":13}},"loc":{"start":{"line":27,"column":37},"end":{"line":34,"column":5}}},"3":{"name":"(anonymous_3)","decl":{"start":{"line":36,"column":4},"end":{"line":36,"column":14}},"loc":{"start":{"line":36,"column":38},"end":{"line":47,"column":5}}},"4":{"name":"(anonymous_4)","decl":{"start":{"line":49,"column":4},"end":{"line":49,"column":14}},"loc":{"start":{"line":49,"column":48},"end":{"line":56,"column":5}}},"5":{"name":"(anonymous_5)","decl":{"start":{"line":58,"column":4},"end":{"line":58,"column":15}},"loc":{"start":{"line":58,"column":49},"end":{"line":65,"column":5}}},"6":{"name":"(anonymous_6)","decl":{"start":{"line":67,"column":4},"end":{"line":67,"column":15}},"loc":{"start":{"line":67,"column":4},"end":{"line":69,"column":5}}},"7":{"name":"(anonymous_7)","decl":{"start":{"line":71,"column":4},"end":{"line":71,"column":18}},"loc":{"start":{"line":71,"column":4},"end":{"line":73,"column":5}}},"8":{"name":"(anonymous_8)","decl":{"start":{"line":75,"column":4},"end":{"line":75,"column":9}},"loc":{"start":{"line":75,"column":36},"end":{"line":77,"column":5}}},"9":{"name":"(anonymous_9)","decl":{"start":{"line":79,"column":4},"end":{"line":79,"column":20}},"loc":{"start":{"line":79,"column":4},"end":{"line":87,"column":5}}},"10":{"name":"(anonymous_10)","decl":{"start":{"line":89,"column":4},"end":{"line":89,"column":16}},"loc":{"start":{"line":89,"column":43},"end":{"line":97,"column":5}}}},"branchMap":{"0":{"loc":{"start":{"line":15,"column":8},"end":{"line":24,"column":null}},"type":"if","locations":[{"start":{"line":15,"column":8},"end":{"line":24,"column":null}},{"start":{"line":15,"column":8},"end":{"line":24,"column":null}}]},"1":{"loc":{"start":{"line":16,"column":12},"end":{"line":23,"column":null}},"type":"if","locations":[{"start":{"line":16,"column":12},"end":{"line":23,"column":null}},{"start":{"line":16,"column":12},"end":{"line":23,"column":null}}]},"2":{"loc":{"start":{"line":28,"column":8},"end":{"line":32,"column":null}},"type":"if","locations":[{"start":{"line":28,"column":8},"end":{"line":32,"column":null}},{"start":{"line":28,"column":8},"end":{"line":32,"column":null}}]},"3":{"loc":{"start":{"line":37,"column":8},"end":{"line":45,"column":null}},"type":"if","locations":[{"start":{"line":37,"column":8},"end":{"line":45,"column":null}},{"start":{"line":37,"column":8},"end":{"line":45,"column":null}}]},"4":{"loc":{"start":{"line":39,"column":16},"end":{"line":42,"column":null}},"type":"if","locations":[{"start":{"line":39,"column":16},"end":{"line":42,"column":null}},{"start":{"line":39,"column":16},"end":{"line":42,"column":null}}]},"5":{"loc":{"start":{"line":39,"column":20},"end":{"line":39,"column":53}},"type":"binary-expr","locations":[{"start":{"line":39,"column":20},"end":{"line":39,"column":53}},{"start":{"line":39,"column":57},"end":{"line":39,"column":96}}]},"6":{"loc":{"start":{"line":44,"column":12},"end":{"line":44,"column":null}},"type":"if","locations":[{"start":{"line":44,"column":12},"end":{"line":44,"column":null}},{"start":{"line":44,"column":12},"end":{"line":44,"column":null}}]},"7":{"loc":{"start":{"line":50,"column":8},"end":{"line":54,"column":null}},"type":"if","locations":[{"start":{"line":50,"column":8},"end":{"line":54,"column":null}},{"start":{"line":50,"column":8},"end":{"line":54,"column":null}}]},"8":{"loc":{"start":{"line":59,"column":8},"end":{"line":63,"column":null}},"type":"if","locations":[{"start":{"line":59,"column":8},"end":{"line":63,"column":null}},{"start":{"line":59,"column":8},"end":{"line":63,"column":null}}]},"9":{"loc":{"start":{"line":68,"column":15},"end":{"line":68,"column":37}},"type":"binary-expr","locations":[{"start":{"line":68,"column":15},"end":{"line":68,"column":37}},{"start":{"line":68,"column":41},"end":{"line":68,"column":59}}]},"10":{"loc":{"start":{"line":72,"column":40},"end":{"line":72,"column":54}},"type":"cond-expr","locations":[{"start":{"line":72,"column":40},"end":{"line":72,"column":54}},{"start":{"line":72,"column":57},"end":{"line":72,"column":58}}]},"11":{"loc":{"start":{"line":81,"column":8},"end":{"line":85,"column":null}},"type":"if","locations":[{"start":{"line":81,"column":8},"end":{"line":85,"column":null}},{"start":{"line":81,"column":8},"end":{"line":85,"column":null}}]},"12":{"loc":{"start":{"line":90,"column":8},"end":{"line":95,"column":null}},"type":"if","locations":[{"start":{"line":90,"column":8},"end":{"line":95,"column":null}},{"start":{"line":90,"column":8},"end":{"line":95,"column":null}}]},"13":{"loc":{"start":{"line":92,"column":16},"end":{"line":93,"column":43}},"type":"if","locations":[{"start":{"line":92,"column":16},"end":{"line":93,"column":43}},{"start":{"line":92,"column":16},"end":{"line":93,"column":43}}]}},"s":{"0":14,"1":204,"2":204,"3":204,"4":16,"5":11,"6":11,"7":5,"8":5,"9":14,"10":29,"11":1,"12":28,"13":29,"14":14,"15":3,"16":3,"17":3,"18":3,"19":3,"20":3,"21":3,"22":1,"23":3,"24":14,"25":2,"26":1,"27":1,"28":2,"29":14,"30":1,"31":1,"32":1,"33":2,"34":1,"35":14,"36":2,"37":14,"38":2,"39":14,"40":125,"41":14,"42":2,"43":2,"44":2,"45":2,"46":2,"47":2,"48":14,"49":7,"50":7,"51":7,"52":7,"53":6,"54":1,"55":14,"56":14},"f":{"0":14,"1":204,"2":29,"3":3,"4":2,"5":1,"6":2,"7":2,"8":125,"9":2,"10":7},"b":{"0":[16,188],"1":[11,5],"2":[1,28],"3":[3,0],"4":[3,0],"5":[3,3],"6":[1,2],"7":[1,1],"8":[1,0],"9":[2,2],"10":[2,0],"11":[2,0],"12":[7,0],"13":[6,1]}}
,"/Volumes/pr/LLE/src/controller/element.ts": {"path":"/Volumes/pr/LLE/src/controller/element.ts","statementMap":{"0":{"start":{"line":3,"column":0},"end":{"line":3,"column":37}},"1":{"start":{"line":5,"column":0},"end":{"line":5,"column":null}},"2":{"start":{"line":14,"column":8},"end":{"line":14,"column":33}},"3":{"start":{"line":15,"column":8},"end":{"line":15,"column":34}},"4":{"start":{"line":16,"column":8},"end":{"line":16,"column":24}},"5":{"start":{"line":17,"column":8},"end":{"line":19,"column":null}},"6":{"start":{"line":18,"column":12},"end":{"line":18,"column":36}},"7":{"start":{"line":20,"column":8},"end":{"line":22,"column":null}},"8":{"start":{"line":21,"column":12},"end":{"line":21,"column":48}},"9":{"start":{"line":27,"column":4},"end":{"line":36,"column":null}},"10":{"start":{"line":28,"column":8},"end":{"line":32,"column":null}},"11":{"start":{"line":28,"column":21},"end":{"line":28,"column":22}},"12":{"start":{"line":29,"column":12},"end":{"line":31,"column":14}},"13":{"start":{"line":33,"column":8},"end":{"line":33,"column":37}},"14":{"start":{"line":35,"column":8},"end":{"line":35,"column":20}},"15":{"start":{"line":38,"column":4},"end":{"line":80,"column":null}},"16":{"start":{"line":39,"column":26},"end":{"line":39,"column":44}},"17":{"start":{"line":40,"column":25},"end":{"line":40,"column":42}},"18":{"start":{"line":41,"column":8},"end":{"line":68,"column":null}},"19":{"start":{"line":42,"column":12},"end":{"line":44,"column":null}},"20":{"start":{"line":42,"column":25},"end":{"line":42,"column":26}},"21":{"start":{"line":43,"column":16},"end":{"line":43,"column":102}},"22":{"start":{"line":45,"column":12},"end":{"line":47,"column":null}},"23":{"start":{"line":45,"column":25},"end":{"line":45,"column":26}},"24":{"start":{"line":46,"column":16},"end":{"line":46,"column":82}},"25":{"start":{"line":48,"column":12},"end":{"line":50,"column":null}},"26":{"start":{"line":48,"column":25},"end":{"line":48,"column":59}},"27":{"start":{"line":49,"column":16},"end":{"line":49,"column":81}},"28":{"start":{"line":51,"column":12},"end":{"line":53,"column":null}},"29":{"start":{"line":51,"column":25},"end":{"line":51,"column":26}},"30":{"start":{"line":52,"column":16},"end":{"line":52,"column":73}},"31":{"start":{"line":55,"column":12},"end":{"line":58,"column":null}},"32":{"start":{"line":55,"column":25},"end":{"line":55,"column":26}},"33":{"start":{"line":56,"column":16},"end":{"line":56,"column":102}},"34":{"start":{"line":59,"column":12},"end":{"line":61,"column":null}},"35":{"start":{"line":59,"column":25},"end":{"line":59,"column":26}},"36":{"start":{"line":60,"column":16},"end":{"line":60,"column":73}},"37":{"start":{"line":62,"column":12},"end":{"line":64,"column":null}},"38":{"start":{"line":62,"column":25},"end":{"line":62,"column":57}},"39":{"start":{"line":63,"column":16},"end":{"line":63,"column":74}},"40":{"start":{"line":65,"column":12},"end":{"line":67,"column":null}},"41":{"start":{"line":65,"column":25},"end":{"line":65,"column":26}},"42":{"start":{"line":66,"column":16},"end":{"line":66,"column":72}},"43":{"start":{"line":74,"column":8},"end":{"line":76,"column":null}},"44":{"start":{"line":74,"column":21},"end":{"line":74,"column":22}},"45":{"start":{"line":75,"column":12},"end":{"line":75,"column":74}},"46":{"start":{"line":79,"column":8},"end":{"line":79,"column":20}},"47":{"start":{"line":82,"column":4},"end":{"line":94,"column":null}},"48":{"start":{"line":83,"column":8},"end":{"line":92,"column":null}},"49":{"start":{"line":84,"column":22},"end":{"line":84,"column":48}},"50":{"start":{"line":85,"column":12},"end":{"line":87,"column":null}},"51":{"start":{"line":85,"column":25},"end":{"line":85,"column":26}},"52":{"start":{"line":86,"column":16},"end":{"line":86,"column":89}},"53":{"start":{"line":89,"column":12},"end":{"line":91,"column":null}},"54":{"start":{"line":89,"column":25},"end":{"line":89,"column":26}},"55":{"start":{"line":90,"column":16},"end":{"line":90,"column":89}},"56":{"start":{"line":93,"column":8},"end":{"line":93,"column":20}},"57":{"start":{"line":98,"column":4},"end":{"line":119,"column":null}},"58":{"start":{"line":99,"column":8},"end":{"line":108,"column":null}},"59":{"start":{"line":100,"column":12},"end":{"line":100,"column":64}},"60":{"start":{"line":101,"column":12},"end":{"line":106,"column":null}},"61":{"start":{"line":101,"column":25},"end":{"line":101,"column":26}},"62":{"start":{"line":102,"column":16},"end":{"line":105,"column":null}},"63":{"start":{"line":103,"column":20},"end":{"line":103,"column":56}},"64":{"start":{"line":104,"column":20},"end":{"line":104,"column":26}},"65":{"start":{"line":107,"column":12},"end":{"line":107,"column":30}},"66":{"start":{"line":109,"column":8},"end":{"line":117,"column":null}},"67":{"start":{"line":109,"column":21},"end":{"line":109,"column":22}},"68":{"start":{"line":110,"column":12},"end":{"line":116,"column":null}},"69":{"start":{"line":111,"column":16},"end":{"line":113,"column":null}},"70":{"start":{"line":112,"column":20},"end":{"line":112,"column":50}},"71":{"start":{"line":114,"column":19},"end":{"line":116,"column":null}},"72":{"start":{"line":115,"column":16},"end":{"line":115,"column":46}},"73":{"start":{"line":118,"column":8},"end":{"line":118,"column":18}},"74":{"start":{"line":121,"column":4},"end":{"line":132,"column":6}},"75":{"start":{"line":122,"column":8},"end":{"line":130,"column":null}},"76":{"start":{"line":122,"column":21},"end":{"line":122,"column":22}},"77":{"start":{"line":123,"column":12},"end":{"line":129,"column":null}},"78":{"start":{"line":124,"column":16},"end":{"line":126,"column":null}},"79":{"start":{"line":125,"column":20},"end":{"line":125,"column":29}},"80":{"start":{"line":127,"column":19},"end":{"line":129,"column":null}},"81":{"start":{"line":128,"column":16},"end":{"line":128,"column":25}},"82":{"start":{"line":131,"column":8},"end":{"line":131,"column":18}},"83":{"start":{"line":134,"column":4},"end":{"line":141,"column":null}},"84":{"start":{"line":135,"column":8},"end":{"line":139,"column":null}},"85":{"start":{"line":135,"column":21},"end":{"line":135,"column":22}},"86":{"start":{"line":136,"column":12},"end":{"line":138,"column":null}},"87":{"start":{"line":137,"column":16},"end":{"line":137,"column":47}},"88":{"start":{"line":140,"column":8},"end":{"line":140,"column":42}},"89":{"start":{"line":143,"column":4},"end":{"line":174,"column":null}},"90":{"start":{"line":144,"column":8},"end":{"line":146,"column":10}},"91":{"start":{"line":147,"column":8},"end":{"line":172,"column":null}},"92":{"start":{"line":147,"column":21},"end":{"line":147,"column":22}},"93":{"start":{"line":148,"column":12},"end":{"line":171,"column":null}},"94":{"start":{"line":153,"column":16},"end":{"line":153,"column":74}},"95":{"start":{"line":155,"column":17},"end":{"line":171,"column":null}},"96":{"start":{"line":161,"column":16},"end":{"line":161,"column":67}},"97":{"start":{"line":164,"column":49},"end":{"line":164,"column":97}},"98":{"start":{"line":165,"column":16},"end":{"line":170,"column":null}},"99":{"start":{"line":165,"column":29},"end":{"line":165,"column":30}},"100":{"start":{"line":166,"column":20},"end":{"line":169,"column":null}},"101":{"start":{"line":167,"column":24},"end":{"line":167,"column":70}},"102":{"start":{"line":168,"column":24},"end":{"line":168,"column":29}},"103":{"start":{"line":173,"column":8},"end":{"line":173,"column":18}},"104":{"start":{"line":176,"column":12},"end":{"line":198,"column":null}},"105":{"start":{"line":177,"column":8},"end":{"line":179,"column":null}},"106":{"start":{"line":178,"column":12},"end":{"line":178,"column":41}},"107":{"start":{"line":180,"column":19},"end":{"line":180,"column":23}},"108":{"start":{"line":181,"column":8},"end":{"line":193,"column":null}},"109":{"start":{"line":181,"column":21},"end":{"line":181,"column":22}},"110":{"start":{"line":182,"column":12},"end":{"line":192,"column":null}},"111":{"start":{"line":183,"column":16},"end":{"line":186,"column":19}},"112":{"start":{"line":187,"column":16},"end":{"line":190,"column":19}},"113":{"start":{"line":191,"column":16},"end":{"line":191,"column":29}},"114":{"start":{"line":194,"column":8},"end":{"line":197,"column":null}},"115":{"start":{"line":195,"column":12},"end":{"line":195,"column":97}},"116":{"start":{"line":195,"column":47},"end":{"line":195,"column":97}},"117":{"start":{"line":196,"column":12},"end":{"line":196,"column":79}},"118":{"start":{"line":200,"column":12},"end":{"line":228,"column":null}},"119":{"start":{"line":201,"column":8},"end":{"line":218,"column":null}},"120":{"start":{"line":207,"column":12},"end":{"line":216,"column":null}},"121":{"start":{"line":208,"column":16},"end":{"line":210,"column":18}},"122":{"start":{"line":211,"column":16},"end":{"line":211,"column":74}},"123":{"start":{"line":213,"column":16},"end":{"line":215,"column":18}},"124":{"start":{"line":217,"column":12},"end":{"line":217,"column":18}},"125":{"start":{"line":219,"column":17},"end":{"line":219,"column":64}},"126":{"start":{"line":221,"column":8},"end":{"line":225,"column":null}},"127":{"start":{"line":222,"column":12},"end":{"line":224,"column":null}},"128":{"start":{"line":222,"column":25},"end":{"line":222,"column":26}},"129":{"start":{"line":223,"column":16},"end":{"line":223,"column":44}},"130":{"start":{"line":226,"column":8},"end":{"line":226,"column":51}},"131":{"start":{"line":227,"column":8},"end":{"line":227,"column":null}},"132":{"start":{"line":230,"column":12},"end":{"line":244,"column":null}},"133":{"start":{"line":231,"column":42},"end":{"line":231,"column":44}},"134":{"start":{"line":232,"column":8},"end":{"line":242,"column":null}},"135":{"start":{"line":232,"column":21},"end":{"line":232,"column":22}},"136":{"start":{"line":233,"column":25},"end":{"line":233,"column":36}},"137":{"start":{"line":234,"column":24},"end":{"line":234,"column":42}},"138":{"start":{"line":237,"column":12},"end":{"line":241,"column":null}},"139":{"start":{"line":238,"column":16},"end":{"line":238,"column":49}},"140":{"start":{"line":240,"column":16},"end":{"line":240,"column":50}},"141":{"start":{"line":243,"column":8},"end":{"line":243,"column":22}},"142":{"start":{"line":246,"column":4},"end":{"line":262,"column":null}},"143":{"start":{"line":247,"column":25},"end":{"line":247,"column":38}},"144":{"start":{"line":248,"column":8},"end":{"line":250,"column":null}},"145":{"start":{"line":248,"column":21},"end":{"line":248,"column":22}},"146":{"start":{"line":249,"column":12},"end":{"line":249,"column":87}},"147":{"start":{"line":251,"column":8},"end":{"line":259,"column":null}},"148":{"start":{"line":251,"column":21},"end":{"line":251,"column":22}},"149":{"start":{"line":252,"column":12},"end":{"line":258,"column":null}},"150":{"start":{"line":253,"column":16},"end":{"line":253,"column":71}},"151":{"start":{"line":255,"column":16},"end":{"line":257,"column":18}},"152":{"start":{"line":260,"column":8},"end":{"line":260,"column":43}},"153":{"start":{"line":261,"column":8},"end":{"line":261,"column":26}},"154":{"start":{"line":264,"column":4},"end":{"line":271,"column":null}},"155":{"start":{"line":265,"column":8},"end":{"line":269,"column":null}},"156":{"start":{"line":265,"column":21},"end":{"line":265,"column":22}},"157":{"start":{"line":266,"column":12},"end":{"line":268,"column":null}},"158":{"start":{"line":267,"column":16},"end":{"line":267,"column":29}},"159":{"start":{"line":270,"column":8},"end":{"line":270,"column":20}},"160":{"start":{"line":273,"column":4},"end":{"line":282,"column":null}},"161":{"start":{"line":274,"column":8},"end":{"line":280,"column":null}},"162":{"start":{"line":274,"column":21},"end":{"line":274,"column":22}},"163":{"start":{"line":275,"column":12},"end":{"line":279,"column":null}},"164":{"start":{"line":275,"column":25},"end":{"line":275,"column":26}},"165":{"start":{"line":276,"column":16},"end":{"line":278,"column":null}},"166":{"start":{"line":277,"column":20},"end":{"line":277,"column":33}},"167":{"start":{"line":281,"column":8},"end":{"line":281,"column":20}},"168":{"start":{"line":284,"column":4},"end":{"line":286,"column":null}},"169":{"start":{"line":285,"column":8},"end":{"line":285,"column":65}},"170":{"start":{"line":287,"column":0},"end":{"line":287,"column":null}},"171":{"start":{"line":323,"column":8},"end":{"line":323,"column":15}},"172":{"start":{"line":289,"column":0},"end":{"line":289,"column":null}},"173":{"start":{"line":293,"column":8},"end":{"line":293,"column":35}},"174":{"start":{"line":294,"column":8},"end":{"line":294,"column":104}},"175":{"start":{"line":297,"column":4},"end":{"line":304,"column":null}},"176":{"start":{"line":298,"column":8},"end":{"line":302,"column":null}},"177":{"start":{"line":299,"column":12},"end":{"line":301,"column":null}},"178":{"start":{"line":300,"column":16},"end":{"line":300,"column":56}},"179":{"start":{"line":303,"column":8},"end":{"line":303,"column":39}},"180":{"start":{"line":306,"column":4},"end":{"line":310,"column":null}},"181":{"start":{"line":307,"column":17},"end":{"line":307,"column":46}},"182":{"start":{"line":308,"column":8},"end":{"line":308,"column":36}},"183":{"start":{"line":309,"column":8},"end":{"line":309,"column":18}},"184":{"start":{"line":312,"column":4},"end":{"line":315,"column":null}},"185":{"start":{"line":313,"column":8},"end":{"line":314,"column":25}},"186":{"start":{"line":313,"column":50},"end":{"line":313,"column":63}},"187":{"start":{"line":314,"column":13},"end":{"line":314,"column":25}},"188":{"start":{"line":317,"column":4},"end":{"line":319,"column":null}},"189":{"start":{"line":318,"column":8},"end":{"line":318,"column":null}},"190":{"start":{"line":320,"column":0},"end":{"line":320,"column":null}},"191":{"start":{"line":323,"column":17},"end":{"line":323,"column":26}}},"fnMap":{"0":{"name":"(anonymous_2)","decl":{"start":{"line":5,"column":0},"end":{"line":5,"column":null}},"loc":{"start":{"line":5,"column":0},"end":{"line":287,"column":null}}},"1":{"name":"Element","decl":{"start":{"line":13,"column":4},"end":{"line":13,"column":16}},"loc":{"start":{"line":13,"column":65},"end":{"line":23,"column":5}}},"2":{"name":"(anonymous_4)","decl":{"start":{"line":27,"column":4},"end":{"line":27,"column":13}},"loc":{"start":{"line":27,"column":75},"end":{"line":36,"column":5}}},"3":{"name":"(anonymous_5)","decl":{"start":{"line":38,"column":4},"end":{"line":38,"column":10}},"loc":{"start":{"line":38,"column":50},"end":{"line":80,"column":5}}},"4":{"name":"(anonymous_6)","decl":{"start":{"line":82,"column":4},"end":{"line":82,"column":7}},"loc":{"start":{"line":82,"column":27},"end":{"line":94,"column":5}}},"5":{"name":"(anonymous_7)","decl":{"start":{"line":98,"column":4},"end":{"line":98,"column":6}},"loc":{"start":{"line":98,"column":54},"end":{"line":119,"column":5}}},"6":{"name":"(anonymous_8)","decl":{"start":{"line":121,"column":4},"end":{"line":121,"column":11}},"loc":{"start":{"line":121,"column":24},"end":{"line":132,"column":5}}},"7":{"name":"(anonymous_9)","decl":{"start":{"line":134,"column":4},"end":{"line":134,"column":7}},"loc":{"start":{"line":134,"column":20},"end":{"line":141,"column":5}}},"8":{"name":"(anonymous_10)","decl":{"start":{"line":143,"column":4},"end":{"line":143,"column":12}},"loc":{"start":{"line":143,"column":35},"end":{"line":174,"column":5}}},"9":{"name":"(anonymous_11)","decl":{"start":{"line":176,"column":4},"end":{"line":176,"column":12}},"loc":{"start":{"line":176,"column":58},"end":{"line":198,"column":5}}},"10":{"name":"(anonymous_12)","decl":{"start":{"line":200,"column":4},"end":{"line":200,"column":12}},"loc":{"start":{"line":200,"column":84},"end":{"line":228,"column":5}}},"11":{"name":"(anonymous_13)","decl":{"start":{"line":230,"column":4},"end":{"line":230,"column":12}},"loc":{"start":{"line":230,"column":50},"end":{"line":244,"column":5}}},"12":{"name":"(anonymous_14)","decl":{"start":{"line":246,"column":4},"end":{"line":246,"column":9}},"loc":{"start":{"line":246,"column":4},"end":{"line":262,"column":5}}},"13":{"name":"(anonymous_15)","decl":{"start":{"line":264,"column":4},"end":{"line":264,"column":20}},"loc":{"start":{"line":264,"column":4},"end":{"line":271,"column":5}}},"14":{"name":"(anonymous_16)","decl":{"start":{"line":273,"column":4},"end":{"line":273,"column":19}},"loc":{"start":{"line":273,"column":4},"end":{"line":282,"column":5}}},"15":{"name":"(anonymous_17)","decl":{"start":{"line":284,"column":4},"end":{"line":284,"column":11}},"loc":{"start":{"line":284,"column":4},"end":{"line":286,"column":5}}},"16":{"name":"(anonymous_18)","decl":{"start":{"line":289,"column":0},"end":{"line":289,"column":null}},"loc":{"start":{"line":289,"column":0},"end":{"line":320,"column":null}}},"17":{"name":"Generator","decl":{"start":{"line":292,"column":4},"end":{"line":292,"column":16}},"loc":{"start":{"line":292,"column":48},"end":{"line":295,"column":5}}},"18":{"name":"(anonymous_20)","decl":{"start":{"line":297,"column":4},"end":{"line":297,"column":7}},"loc":{"start":{"line":297,"column":21},"end":{"line":304,"column":5}}},"19":{"name":"(anonymous_21)","decl":{"start":{"line":306,"column":4},"end":{"line":306,"column":9}},"loc":{"start":{"line":306,"column":4},"end":{"line":310,"column":5}}},"20":{"name":"(anonymous_22)","decl":{"start":{"line":312,"column":4},"end":{"line":312,"column":20}},"loc":{"start":{"line":312,"column":4},"end":{"line":315,"column":5}}},"21":{"name":"(anonymous_23)","decl":{"start":{"line":317,"column":4},"end":{"line":317,"column":11}},"loc":{"start":{"line":317,"column":4},"end":{"line":319,"column":5}}}},"branchMap":{"0":{"loc":{"start":{"line":17,"column":8},"end":{"line":19,"column":null}},"type":"if","locations":[{"start":{"line":17,"column":8},"end":{"line":19,"column":null}},{"start":{"line":17,"column":8},"end":{"line":19,"column":null}}]},"1":{"loc":{"start":{"line":17,"column":12},"end":{"line":17,"column":35}},"type":"binary-expr","locations":[{"start":{"line":17,"column":12},"end":{"line":17,"column":35}},{"start":{"line":17,"column":39},"end":{"line":17,"column":62}}]},"2":{"loc":{"start":{"line":20,"column":8},"end":{"line":22,"column":null}},"type":"if","locations":[{"start":{"line":20,"column":8},"end":{"line":22,"column":null}},{"start":{"line":20,"column":8},"end":{"line":22,"column":null}}]},"3":{"loc":{"start":{"line":20,"column":12},"end":{"line":20,"column":33}},"type":"binary-expr","locations":[{"start":{"line":20,"column":12},"end":{"line":20,"column":33}},{"start":{"line":20,"column":37},"end":{"line":20,"column":58}},{"start":{"line":20,"column":62},"end":{"line":20,"column":86}}]},"4":{"loc":{"start":{"line":41,"column":8},"end":{"line":68,"column":null}},"type":"if","locations":[{"start":{"line":41,"column":8},"end":{"line":68,"column":null}},{"start":{"line":41,"column":8},"end":{"line":68,"column":null}}]},"5":{"loc":{"start":{"line":83,"column":8},"end":{"line":92,"column":null}},"type":"if","locations":[{"start":{"line":83,"column":8},"end":{"line":92,"column":null}},{"start":{"line":83,"column":8},"end":{"line":92,"column":null}}]},"6":{"loc":{"start":{"line":99,"column":8},"end":{"line":108,"column":null}},"type":"if","locations":[{"start":{"line":99,"column":8},"end":{"line":108,"column":null}},{"start":{"line":99,"column":8},"end":{"line":108,"column":null}}]},"7":{"loc":{"start":{"line":102,"column":16},"end":{"line":105,"column":null}},"type":"if","locations":[{"start":{"line":102,"column":16},"end":{"line":105,"column":null}},{"start":{"line":102,"column":16},"end":{"line":105,"column":null}}]},"8":{"loc":{"start":{"line":110,"column":12},"end":{"line":116,"column":null}},"type":"if","locations":[{"start":{"line":110,"column":12},"end":{"line":116,"column":null}},{"start":{"line":110,"column":12},"end":{"line":116,"column":null}}]},"9":{"loc":{"start":{"line":111,"column":16},"end":{"line":113,"column":null}},"type":"if","locations":[{"start":{"line":111,"column":16},"end":{"line":113,"column":null}},{"start":{"line":111,"column":16},"end":{"line":113,"column":null}}]},"10":{"loc":{"start":{"line":114,"column":19},"end":{"line":116,"column":null}},"type":"if","locations":[{"start":{"line":114,"column":19},"end":{"line":116,"column":null}},{"start":{"line":114,"column":19},"end":{"line":116,"column":null}}]},"11":{"loc":{"start":{"line":123,"column":12},"end":{"line":129,"column":null}},"type":"if","locations":[{"start":{"line":123,"column":12},"end":{"line":129,"column":null}},{"start":{"line":123,"column":12},"end":{"line":129,"column":null}}]},"12":{"loc":{"start":{"line":124,"column":16},"end":{"line":126,"column":null}},"type":"if","locations":[{"start":{"line":124,"column":16},"end":{"line":126,"column":null}},{"start":{"line":124,"column":16},"end":{"line":126,"column":null}}]},"13":{"loc":{"start":{"line":127,"column":19},"end":{"line":129,"column":null}},"type":"if","locations":[{"start":{"line":127,"column":19},"end":{"line":129,"column":null}},{"start":{"line":127,"column":19},"end":{"line":129,"column":null}}]},"14":{"loc":{"start":{"line":136,"column":12},"end":{"line":138,"column":null}},"type":"if","locations":[{"start":{"line":136,"column":12},"end":{"line":138,"column":null}},{"start":{"line":136,"column":12},"end":{"line":138,"column":null}}]},"15":{"loc":{"start":{"line":148,"column":12},"end":{"line":171,"column":null}},"type":"if","locations":[{"start":{"line":148,"column":12},"end":{"line":171,"column":null}},{"start":{"line":148,"column":12},"end":{"line":171,"column":null}}]},"16":{"loc":{"start":{"line":149,"column":16},"end":{"line":149,"column":44}},"type":"binary-expr","locations":[{"start":{"line":149,"column":16},"end":{"line":149,"column":44}},{"start":{"line":150,"column":16},"end":{"line":150,"column":44}},{"start":{"line":151,"column":16},"end":{"line":151,"column":45}}]},"17":{"loc":{"start":{"line":155,"column":17},"end":{"line":171,"column":null}},"type":"if","locations":[{"start":{"line":155,"column":17},"end":{"line":171,"column":null}},{"start":{"line":155,"column":17},"end":{"line":171,"column":null}}]},"18":{"loc":{"start":{"line":156,"column":16},"end":{"line":156,"column":44}},"type":"binary-expr","locations":[{"start":{"line":156,"column":16},"end":{"line":156,"column":44}},{"start":{"line":157,"column":16},"end":{"line":157,"column":46}},{"start":{"line":158,"column":16},"end":{"line":158,"column":47}},{"start":{"line":159,"column":16},"end":{"line":159,"column":45}}]},"19":{"loc":{"start":{"line":166,"column":20},"end":{"line":169,"column":null}},"type":"if","locations":[{"start":{"line":166,"column":20},"end":{"line":169,"column":null}},{"start":{"line":166,"column":20},"end":{"line":169,"column":null}}]},"20":{"loc":{"start":{"line":177,"column":8},"end":{"line":179,"column":null}},"type":"if","locations":[{"start":{"line":177,"column":8},"end":{"line":179,"column":null}},{"start":{"line":177,"column":8},"end":{"line":179,"column":null}}]},"21":{"loc":{"start":{"line":182,"column":12},"end":{"line":192,"column":null}},"type":"if","locations":[{"start":{"line":182,"column":12},"end":{"line":192,"column":null}},{"start":{"line":182,"column":12},"end":{"line":192,"column":null}}]},"22":{"loc":{"start":{"line":194,"column":8},"end":{"line":197,"column":null}},"type":"if","locations":[{"start":{"line":194,"column":8},"end":{"line":197,"column":null}},{"start":{"line":194,"column":8},"end":{"line":197,"column":null}}]},"23":{"loc":{"start":{"line":195,"column":12},"end":{"line":195,"column":97}},"type":"if","locations":[{"start":{"line":195,"column":12},"end":{"line":195,"column":97}},{"start":{"line":195,"column":12},"end":{"line":195,"column":97}}]},"24":{"loc":{"start":{"line":201,"column":8},"end":{"line":218,"column":null}},"type":"if","locations":[{"start":{"line":201,"column":8},"end":{"line":218,"column":null}},{"start":{"line":201,"column":8},"end":{"line":218,"column":null}}]},"25":{"loc":{"start":{"line":202,"column":12},"end":{"line":202,"column":41}},"type":"binary-expr","locations":[{"start":{"line":202,"column":12},"end":{"line":202,"column":41}},{"start":{"line":203,"column":12},"end":{"line":203,"column":43}},{"start":{"line":204,"column":12},"end":{"line":204,"column":44}},{"start":{"line":205,"column":12},"end":{"line":205,"column":42}}]},"26":{"loc":{"start":{"line":207,"column":12},"end":{"line":216,"column":null}},"type":"if","locations":[{"start":{"line":207,"column":12},"end":{"line":216,"column":null}},{"start":{"line":207,"column":12},"end":{"line":216,"column":null}}]},"27":{"loc":{"start":{"line":221,"column":8},"end":{"line":225,"column":null}},"type":"if","locations":[{"start":{"line":221,"column":8},"end":{"line":225,"column":null}},{"start":{"line":221,"column":8},"end":{"line":225,"column":null}}]},"28":{"loc":{"start":{"line":237,"column":12},"end":{"line":241,"column":null}},"type":"if","locations":[{"start":{"line":237,"column":12},"end":{"line":241,"column":null}},{"start":{"line":237,"column":12},"end":{"line":241,"column":null}}]},"29":{"loc":{"start":{"line":252,"column":12},"end":{"line":258,"column":null}},"type":"if","locations":[{"start":{"line":252,"column":12},"end":{"line":258,"column":null}},{"start":{"line":252,"column":12},"end":{"line":258,"column":null}}]},"30":{"loc":{"start":{"line":266,"column":12},"end":{"line":268,"column":null}},"type":"if","locations":[{"start":{"line":266,"column":12},"end":{"line":268,"column":null}},{"start":{"line":266,"column":12},"end":{"line":268,"column":null}}]},"31":{"loc":{"start":{"line":276,"column":16},"end":{"line":278,"column":null}},"type":"if","locations":[{"start":{"line":276,"column":16},"end":{"line":278,"column":null}},{"start":{"line":276,"column":16},"end":{"line":278,"column":null}}]},"32":{"loc":{"start":{"line":285,"column":15},"end":{"line":285,"column":38}},"type":"binary-expr","locations":[{"start":{"line":285,"column":15},"end":{"line":285,"column":38}},{"start":{"line":285,"column":42},"end":{"line":285,"column":64}}]},"33":{"loc":{"start":{"line":294,"column":75},"end":{"line":294,"column":79}},"type":"cond-expr","locations":[{"start":{"line":294,"column":75},"end":{"line":294,"column":79}},{"start":{"line":294,"column":82},"end":{"line":294,"column":84}}]},"34":{"loc":{"start":{"line":298,"column":8},"end":{"line":302,"column":null}},"type":"if","locations":[{"start":{"line":298,"column":8},"end":{"line":302,"column":null}},{"start":{"line":298,"column":8},"end":{"line":302,"column":null}}]},"35":{"loc":{"start":{"line":299,"column":12},"end":{"line":301,"column":null}},"type":"if","locations":[{"start":{"line":299,"column":12},"end":{"line":301,"column":null}},{"start":{"line":299,"column":12},"end":{"line":301,"column":null}}]},"36":{"loc":{"start":{"line":313,"column":8},"end":{"line":314,"column":25}},"type":"if","locations":[{"start":{"line":313,"column":8},"end":{"line":314,"column":25}},{"start":{"line":313,"column":8},"end":{"line":314,"column":25}}]},"37":{"loc":{"start":{"line":318,"column":15},"end":{"line":318,"column":38}},"type":"binary-expr","locations":[{"start":{"line":318,"column":15},"end":{"line":318,"column":38}},{"start":{"line":318,"column":40},"end":{"line":318,"column":77}}]}},"s":{"0":14,"1":14,"2":75,"3":75,"4":75,"5":75,"6":3,"7":75,"8":9,"9":14,"10":9,"11":9,"12":58,"13":9,"14":9,"15":14,"16":3,"17":3,"18":3,"19":1,"20":1,"21":8,"22":1,"23":1,"24":4,"25":1,"26":1,"27":1,"28":1,"29":1,"30":3,"31":2,"32":2,"33":6,"34":2,"35":2,"36":16,"37":2,"38":2,"39":5,"40":2,"41":2,"42":11,"43":3,"44":3,"45":24,"46":3,"47":14,"48":2,"49":1,"50":1,"51":1,"52":4,"53":1,"54":1,"55":3,"56":2,"57":14,"58":31,"59":27,"60":27,"61":27,"62":77,"63":27,"64":27,"65":27,"66":4,"67":4,"68":7,"69":5,"70":2,"71":2,"72":1,"73":1,"74":14,"75":9,"76":9,"77":22,"78":20,"79":7,"80":2,"81":1,"82":1,"83":14,"84":8,"85":8,"86":21,"87":7,"88":1,"89":14,"90":7,"91":7,"92":7,"93":13,"94":1,"95":12,"96":4,"97":8,"98":8,"99":8,"100":36,"101":8,"102":8,"103":7,"104":14,"105":31,"106":4,"107":31,"108":31,"109":31,"110":93,"111":13,"112":13,"113":13,"114":31,"115":20,"116":20,"117":20,"118":14,"119":7,"120":3,"121":1,"122":1,"123":2,"124":3,"125":4,"126":4,"127":2,"128":2,"129":3,"130":4,"131":4,"132":14,"133":20,"134":20,"135":20,"136":80,"137":80,"138":80,"139":56,"140":24,"141":20,"142":14,"143":18,"144":18,"145":18,"146":100,"147":18,"148":18,"149":82,"150":81,"151":1,"152":18,"153":18,"154":14,"155":4,"156":4,"157":10,"158":2,"159":2,"160":14,"161":3,"162":3,"163":1,"164":1,"165":1,"166":1,"167":2,"168":14,"169":2,"170":14,"171":14,"172":14,"173":0,"174":0,"175":14,"176":0,"177":0,"178":0,"179":0,"180":14,"181":0,"182":0,"183":0,"184":14,"185":0,"186":0,"187":0,"188":14,"189":0,"190":14,"191":14},"f":{"0":14,"1":75,"2":9,"3":3,"4":2,"5":31,"6":9,"7":8,"8":7,"9":31,"10":7,"11":20,"12":18,"13":4,"14":3,"15":2,"16":14,"17":0,"18":0,"19":0,"20":0,"21":0},"b":{"0":[3,72],"1":[75,3],"2":[9,66],"3":[75,9,9],"4":[1,2],"5":[1,1],"6":[27,4],"7":[27,50],"8":[5,2],"9":[2,3],"10":[1,1],"11":[20,2],"12":[7,13],"13":[1,1],"14":[7,14],"15":[1,12],"16":[13,5,1],"17":[4,8],"18":[12,4,4,4],"19":[8,28],"20":[4,27],"21":[13,80],"22":[20,11],"23":[20,0],"24":[3,4],"25":[7,3,3,3],"26":[1,2],"27":[2,2],"28":[56,24],"29":[81,1],"30":[2,8],"31":[1,0],"32":[2,1],"33":[0,0],"34":[0,0],"35":[0,0],"36":[0,0],"37":[0,0]}}
,"/Volumes/pr/LLE/src/stde/CD.ts": {"path":"/Volumes/pr/LLE/src/stde/CD.ts","statementMap":{"0":{"start":{"line":1,"column":0},"end":{"line":1,"column":44}},"1":{"start":{"line":2,"column":0},"end":{"line":4,"column":null}},"2":{"start":{"line":2,"column":13},"end":{"line":2,"column":14}},"3":{"start":{"line":3,"column":4},"end":{"line":3,"column":18}}},"fnMap":{},"branchMap":{},"s":{"0":0,"1":0,"2":0,"3":0},"f":{},"b":{}}
,"/Volumes/pr/LLE/src/stde/stde.ts": {"path":"/Volumes/pr/LLE/src/stde/stde.ts","statementMap":{"0":{"start":{"line":1,"column":13},"end":{"line":1,"column":null}},"1":{"start":{"line":4,"column":0},"end":{"line":4,"column":20}}},"fnMap":{},"branchMap":{},"s":{"0":0,"1":0},"f":{},"b":{}}
}
