TN:
SF:/Volumes/pr/LLE/src/factories.ts
FN:5,(anonymous_1)
FN:8,ConnectionFactory
FN:16,(anonymous_3)
FNF:3
FNH:3
FNDA:14,(anonymous_1)
FNDA:14,ConnectionFactory
FNDA:61,(anonymous_3)
DA:3,14
DA:5,14
DA:9,14
DA:16,14
DA:17,61
DA:18,2
DA:20,59
DA:22,14
DA:24,14
DA:28,14
LF:10
LH:10
BRDA:17,0,0,2
BRDA:17,0,1,59
BRF:2
BRH:2
end_of_record
TN:
SF:/Volumes/pr/LLE/src/lle.ts
FN:3,(anonymous_1)
FN:3,(anonymous_2)
FNF:2
FNH:1
FNDA:57,(anonymous_1)
FNDA:0,(anonymous_2)
DA:1,14
DA:2,14
DA:3,71
LF:3
LH:3
BRF:0
BRH:0
end_of_record
TN:
SF:/Volumes/pr/LLE/src/controller/connection.ts
FN:4,(anonymous_0)
FN:12,Connection
FN:27,(anonymous_2)
FN:36,(anonymous_3)
FN:49,(anonymous_4)
FN:58,(anonymous_5)
FN:67,(anonymous_6)
FN:71,(anonymous_7)
FN:75,(anonymous_8)
FN:79,(anonymous_9)
FN:89,(anonymous_10)
FNF:11
FNH:11
FNDA:14,(anonymous_0)
FNDA:204,Connection
FNDA:29,(anonymous_2)
FNDA:3,(anonymous_3)
FNDA:2,(anonymous_4)
FNDA:1,(anonymous_5)
FNDA:2,(anonymous_6)
FNDA:2,(anonymous_7)
FNDA:125,(anonymous_8)
FNDA:2,(anonymous_9)
FNDA:7,(anonymous_10)
DA:4,14
DA:13,204
DA:14,204
DA:15,204
DA:16,16
DA:17,11
DA:18,11
DA:21,5
DA:22,5
DA:27,14
DA:28,29
DA:29,1
DA:31,28
DA:33,29
DA:36,14
DA:37,3
DA:38,3
DA:39,3
DA:40,3
DA:41,3
DA:44,3
DA:46,3
DA:49,14
DA:50,2
DA:51,1
DA:53,1
DA:55,2
DA:58,14
DA:59,1
DA:60,1
DA:61,2
DA:64,1
DA:67,14
DA:68,2
DA:71,14
DA:72,2
DA:75,14
DA:76,125
DA:79,14
DA:80,2
DA:81,2
DA:82,2
DA:83,2
DA:86,2
DA:89,14
DA:90,7
DA:91,7
DA:92,7
DA:93,6
DA:96,1
DA:98,14
DA:100,14
LF:52
LH:52
BRDA:15,0,0,16
BRDA:15,0,1,188
BRDA:16,1,0,11
BRDA:16,1,1,5
BRDA:28,2,0,1
BRDA:28,2,1,28
BRDA:37,3,0,3
BRDA:37,3,1,0
BRDA:39,4,0,3
BRDA:39,4,1,0
BRDA:39,5,0,3
BRDA:39,5,1,3
BRDA:44,6,0,1
BRDA:44,6,1,2
BRDA:50,7,0,1
BRDA:50,7,1,1
BRDA:59,8,0,1
BRDA:59,8,1,0
BRDA:68,9,0,2
BRDA:68,9,1,2
BRDA:72,10,0,2
BRDA:72,10,1,0
BRDA:81,11,0,2
BRDA:81,11,1,0
BRDA:90,12,0,7
BRDA:90,12,1,0
BRDA:92,13,0,6
BRDA:92,13,1,1
BRF:28
BRH:22
end_of_record
TN:
SF:/Volumes/pr/LLE/src/controller/element.ts
FN:5,(anonymous_2)
FN:13,Element
FN:27,(anonymous_4)
FN:38,(anonymous_5)
FN:82,(anonymous_6)
FN:98,(anonymous_7)
FN:121,(anonymous_8)
FN:134,(anonymous_9)
FN:143,(anonymous_10)
FN:176,(anonymous_11)
FN:200,(anonymous_12)
FN:230,(anonymous_13)
FN:246,(anonymous_14)
FN:264,(anonymous_15)
FN:273,(anonymous_16)
FN:284,(anonymous_17)
FN:289,(anonymous_18)
FN:292,Generator
FN:297,(anonymous_20)
FN:306,(anonymous_21)
FN:312,(anonymous_22)
FN:317,(anonymous_23)
FNF:22
FNH:17
FNDA:14,(anonymous_2)
FNDA:75,Element
FNDA:9,(anonymous_4)
FNDA:3,(anonymous_5)
FNDA:2,(anonymous_6)
FNDA:31,(anonymous_7)
FNDA:9,(anonymous_8)
FNDA:8,(anonymous_9)
FNDA:7,(anonymous_10)
FNDA:31,(anonymous_11)
FNDA:7,(anonymous_12)
FNDA:20,(anonymous_13)
FNDA:18,(anonymous_14)
FNDA:4,(anonymous_15)
FNDA:3,(anonymous_16)
FNDA:2,(anonymous_17)
FNDA:14,(anonymous_18)
FNDA:0,Generator
FNDA:0,(anonymous_20)
FNDA:0,(anonymous_21)
FNDA:0,(anonymous_22)
FNDA:0,(anonymous_23)
DA:3,14
DA:5,14
DA:14,75
DA:15,75
DA:16,75
DA:17,75
DA:18,3
DA:20,75
DA:21,9
DA:27,14
DA:28,9
DA:29,58
DA:33,9
DA:35,9
DA:38,14
DA:39,3
DA:40,3
DA:41,3
DA:42,1
DA:43,8
DA:45,1
DA:46,4
DA:48,1
DA:49,1
DA:51,1
DA:52,3
DA:55,2
DA:56,6
DA:59,2
DA:60,16
DA:62,2
DA:63,5
DA:65,2
DA:66,11
DA:74,3
DA:75,24
DA:79,3
DA:82,14
DA:83,2
DA:84,1
DA:85,1
DA:86,4
DA:89,1
DA:90,3
DA:93,2
DA:98,14
DA:99,31
DA:100,27
DA:101,27
DA:102,77
DA:103,27
DA:104,27
DA:107,27
DA:109,4
DA:110,7
DA:111,5
DA:112,2
DA:114,2
DA:115,1
DA:118,1
DA:121,14
DA:122,9
DA:123,22
DA:124,20
DA:125,7
DA:127,2
DA:128,1
DA:131,1
DA:134,14
DA:135,8
DA:136,21
DA:137,7
DA:140,1
DA:143,14
DA:144,7
DA:147,7
DA:148,13
DA:153,1
DA:155,12
DA:161,4
DA:164,8
DA:165,8
DA:166,36
DA:167,8
DA:168,8
DA:173,7
DA:176,14
DA:177,31
DA:178,4
DA:180,31
DA:181,31
DA:182,93
DA:183,13
DA:187,13
DA:191,13
DA:194,31
DA:195,20
DA:196,20
DA:200,14
DA:201,7
DA:207,3
DA:208,1
DA:211,1
DA:213,2
DA:217,3
DA:219,4
DA:221,4
DA:222,2
DA:223,3
DA:226,4
DA:227,4
DA:230,14
DA:231,20
DA:232,20
DA:233,80
DA:234,80
DA:237,80
DA:238,56
DA:240,24
DA:243,20
DA:246,14
DA:247,18
DA:248,18
DA:249,100
DA:251,18
DA:252,82
DA:253,81
DA:255,1
DA:260,18
DA:261,18
DA:264,14
DA:265,4
DA:266,10
DA:267,2
DA:270,2
DA:273,14
DA:274,3
DA:275,1
DA:276,1
DA:277,1
DA:281,2
DA:284,14
DA:285,2
DA:287,14
DA:289,14
DA:293,0
DA:294,0
DA:297,14
DA:298,0
DA:299,0
DA:300,0
DA:303,0
DA:306,14
DA:307,0
DA:308,0
DA:309,0
DA:312,14
DA:313,0
DA:314,0
DA:317,14
DA:318,0
DA:320,14
DA:323,14
LF:163
LH:151
BRDA:17,0,0,3
BRDA:17,0,1,72
BRDA:17,1,0,75
BRDA:17,1,1,3
BRDA:20,2,0,9
BRDA:20,2,1,66
BRDA:20,3,0,75
BRDA:20,3,1,9
BRDA:20,3,2,9
BRDA:41,4,0,1
BRDA:41,4,1,2
BRDA:83,5,0,1
BRDA:83,5,1,1
BRDA:99,6,0,27
BRDA:99,6,1,4
BRDA:102,7,0,27
BRDA:102,7,1,50
BRDA:110,8,0,5
BRDA:110,8,1,2
BRDA:111,9,0,2
BRDA:111,9,1,3
BRDA:114,10,0,1
BRDA:114,10,1,1
BRDA:123,11,0,20
BRDA:123,11,1,2
BRDA:124,12,0,7
BRDA:124,12,1,13
BRDA:127,13,0,1
BRDA:127,13,1,1
BRDA:136,14,0,7
BRDA:136,14,1,14
BRDA:148,15,0,1
BRDA:148,15,1,12
BRDA:149,16,0,13
BRDA:149,16,1,5
BRDA:149,16,2,1
BRDA:155,17,0,4
BRDA:155,17,1,8
BRDA:156,18,0,12
BRDA:156,18,1,4
BRDA:156,18,2,4
BRDA:156,18,3,4
BRDA:166,19,0,8
BRDA:166,19,1,28
BRDA:177,20,0,4
BRDA:177,20,1,27
BRDA:182,21,0,13
BRDA:182,21,1,80
BRDA:194,22,0,20
BRDA:194,22,1,11
BRDA:195,23,0,20
BRDA:195,23,1,0
BRDA:201,24,0,3
BRDA:201,24,1,4
BRDA:202,25,0,7
BRDA:202,25,1,3
BRDA:202,25,2,3
BRDA:202,25,3,3
BRDA:207,26,0,1
BRDA:207,26,1,2
BRDA:221,27,0,2
BRDA:221,27,1,2
BRDA:237,28,0,56
BRDA:237,28,1,24
BRDA:252,29,0,81
BRDA:252,29,1,1
BRDA:266,30,0,2
BRDA:266,30,1,8
BRDA:276,31,0,1
BRDA:276,31,1,0
BRDA:285,32,0,2
BRDA:285,32,1,1
BRDA:294,33,0,0
BRDA:294,33,1,0
BRDA:298,34,0,0
BRDA:298,34,1,0
BRDA:299,35,0,0
BRDA:299,35,1,0
BRDA:313,36,0,0
BRDA:313,36,1,0
BRDA:318,37,0,0
BRDA:318,37,1,0
BRF:82
BRH:70
end_of_record
TN:
SF:/Volumes/pr/LLE/src/stde/CD.ts
FNF:0
FNH:0
DA:1,0
DA:2,0
DA:3,0
LF:3
LH:0
BRF:0
BRH:0
end_of_record
TN:
SF:/Volumes/pr/LLE/src/stde/stde.ts
FNF:0
FNH:0
DA:1,0
DA:4,0
LF:2
LH:0
BRF:0
BRH:0
end_of_record
